<?xml version="1.0" encoding="UTF-8"?>
<!-- Generated by org.testng.reporters.JUnitXMLReporter -->
<testsuite ignored="3" hostname="DESKTOP-PGM2PL3" failures="1" tests="1" name="Test" time="32.513" errors="0" timestamp="2023-01-12T03:47:20 IST">
  <testcase classname="testPackage.TestDataStructure" name="ds" time="0.471">
    <failure type="java.lang.NullPointerException" message="Cannot invoke &amp;quot;org.openqa.selenium.WebDriver.manage()&amp;quot; because &amp;quot;this.driver&amp;quot; is null">
      <![CDATA[java.lang.NullPointerException: Cannot invoke "org.openqa.selenium.WebDriver.manage()" because "this.driver" is null
at testPackage.TestDataStructure.ds(TestDataStructure.java:21)
at java.base/java.util.ArrayList.forEach(ArrayList.java:1511)
... Removed 27 stack frames]]>
    </failure>
  </testcase> <!-- ds -->
  <testcase classname="testPackage.GetStarted" name="registeration" time="0.0">
    <ignored/>
  </testcase> <!-- registeration -->
  <testcase classname="testPackage.GetStarted" name="LogInCheckForValidUser" time="0.0">
    <ignored/>
  </testcase> <!-- LogInCheckForValidUser -->
  <testcase classname="testPackage.GetStarted" name="signout" time="0.0">
    <ignored/>
  </testcase> <!-- signout -->
</testsuite> <!-- Test -->
