<?xml version="1.0" encoding="UTF-8"?>
<testng-results ignored="0" total="1" passed="1" failed="0" skipped="0">
  <reporter-output>
  </reporter-output>
  <suite started-at="2023-01-19T04:00:03 IST" name="Default suite" finished-at="2023-01-19T04:00:14 IST" duration-ms="10714">
    <groups>
    </groups>
    <test started-at="2023-01-19T04:00:03 IST" name="Default test" finished-at="2023-01-19T04:00:14 IST" duration-ms="10714">
      <class name="testPackage.TestDataStructure">
        <test-method signature="ds()[pri:6, instance:testPackage.TestDataStructure@3e6104fc]" started-at="2023-01-19T04:00:03 IST" name="ds" finished-at="2023-01-19T04:00:14 IST" duration-ms="10553" status="PASS">
          <reporter-output>
          </reporter-output>
        </test-method> <!-- ds -->
      </class> <!-- testPackage.TestDataStructure -->
    </test> <!-- Default test -->
  </suite> <!-- Default suite -->
</testng-results>
